which: no python in (/home/b5an/morganator.b5an/.vscode-server/cli/servers/Stable-7d842fb85a0275a4a8e4d7e040d2625abbf7f084/server/bin/remote-cli:/usr/local/bin:/usr/bin:/bin:/usr/lib/mit/bin)
before activation: 
Found existing installation: mpi4py 4.1.1
Uninstalling mpi4py-4.1.1:
  Successfully uninstalled mpi4py-4.1.1
Collecting mpi4py
  Using cached mpi4py-4.1.1-cp311-cp311-linux_aarch64.whl
Installing collected packages: mpi4py
Successfully installed mpi4py-4.1.1
after activation: /home/b5an/morganator.b5an/miniforge3/envs/mpi_env/bin/python
Rank 52: handling range [7176, 7314) -> partial sum = 999741
Rank 53: handling range [7314, 7452) -> partial sum = 1018785
Rank 54: handling range [7452, 7590) -> partial sum = 1037829
Rank 55: handling range [7590, 7728) -> partial sum = 1056873
Rank 56: handling range [7728, 7866) -> partial sum = 1075917
Rank 58: handling range [8004, 8142) -> partial sum = 1114005
Rank 60: handling range [8280, 8418) -> partial sum = 1152093
Rank 61: handling range [8418, 8556) -> partial sum = 1171137
Rank 62: handling range [8556, 8694) -> partial sum = 1190181
Rank 63: handling range [8694, 8832) -> partial sum = 1209225
Rank 71: handling range [9798, 10000) -> partial sum = 1999497
Rank 00: handling range [0, 138) -> partial sum = 9453

✅ Total sum = 49995000
Rank 01: handling range [138, 276) -> partial sum = 28497
Rank 02: handling range [276, 414) -> partial sum = 47541
Rank 03: handling range [414, 552) -> partial sum = 66585
Rank 04: handling range [552, 690) -> partial sum = 85629
Rank 05: handling range [690, 828) -> partial sum = 104673
Rank 06: handling range [828, 966) -> partial sum = 123717
Rank 07: handling range [966, 1104) -> partial sum = 142761
Rank 08: handling range [1104, 1242) -> partial sum = 161805
Rank 09: handling range [1242, 1380) -> partial sum = 180849
Rank 10: handling range [1380, 1518) -> partial sum = 199893
Rank 11: handling range [1518, 1656) -> partial sum = 218937
Rank 12: handling range [1656, 1794) -> partial sum = 237981
Rank 13: handling range [1794, 1932) -> partial sum = 257025
Rank 14: handling range [1932, 2070) -> partial sum = 276069
Rank 15: handling range [2070, 2208) -> partial sum = 295113
Rank 16: handling range [2208, 2346) -> partial sum = 314157
Rank 17: handling range [2346, 2484) -> partial sum = 333201
Rank 18: handling range [2484, 2622) -> partial sum = 352245
Rank 19: handling range [2622, 2760) -> partial sum = 371289
Rank 20: handling range [2760, 2898) -> partial sum = 390333
Rank 21: handling range [2898, 3036) -> partial sum = 409377
Rank 22: handling range [3036, 3174) -> partial sum = 428421
Rank 23: handling range [3174, 3312) -> partial sum = 447465
Rank 24: handling range [3312, 3450) -> partial sum = 466509
Rank 25: handling range [3450, 3588) -> partial sum = 485553
Rank 26: handling range [3588, 3726) -> partial sum = 504597
Rank 27: handling range [3726, 3864) -> partial sum = 523641
Rank 28: handling range [3864, 4002) -> partial sum = 542685
Rank 29: handling range [4002, 4140) -> partial sum = 561729
Rank 30: handling range [4140, 4278) -> partial sum = 580773
Rank 31: handling range [4278, 4416) -> partial sum = 599817
Rank 32: handling range [4416, 4554) -> partial sum = 618861
Rank 33: handling range [4554, 4692) -> partial sum = 637905
Rank 34: handling range [4692, 4830) -> partial sum = 656949
Rank 35: handling range [4830, 4968) -> partial sum = 675993
Rank 36: handling range [4968, 5106) -> partial sum = 695037
Rank 37: handling range [5106, 5244) -> partial sum = 714081
Rank 38: handling range [5244, 5382) -> partial sum = 733125
Rank 39: handling range [5382, 5520) -> partial sum = 752169
Rank 40: handling range [5520, 5658) -> partial sum = 771213
Rank 41: handling range [5658, 5796) -> partial sum = 790257
Rank 42: handling range [5796, 5934) -> partial sum = 809301
Rank 43: handling range [5934, 6072) -> partial sum = 828345
Rank 44: handling range [6072, 6210) -> partial sum = 847389
Rank 45: handling range [6210, 6348) -> partial sum = 866433
Rank 46: handling range [6348, 6486) -> partial sum = 885477
Rank 47: handling range [6486, 6624) -> partial sum = 904521
Rank 48: handling range [6624, 6762) -> partial sum = 923565
Rank 49: handling range [6762, 6900) -> partial sum = 942609
Rank 50: handling range [6900, 7038) -> partial sum = 961653
Rank 51: handling range [7038, 7176) -> partial sum = 980697
Rank 57: handling range [7866, 8004) -> partial sum = 1094961
Rank 59: handling range [8142, 8280) -> partial sum = 1133049
Rank 64: handling range [8832, 8970) -> partial sum = 1228269
Rank 65: handling range [8970, 9108) -> partial sum = 1247313
Rank 66: handling range [9108, 9246) -> partial sum = 1266357
Rank 67: handling range [9246, 9384) -> partial sum = 1285401
Rank 68: handling range [9384, 9522) -> partial sum = 1304445
Rank 69: handling range [9522, 9660) -> partial sum = 1323489
Rank 70: handling range [9660, 9798) -> partial sum = 1342533
